# Activity Log

## Run Summary
- 2026-03-06 23:42:07 | run=20260306-222712-39971 | iter=6 | mode=build | story=US-004 | duration=454s | status=success
- 2026-03-06 23:34:31 | run=20260306-222712-39971 | iter=5 | mode=build | story=US-003 | duration=648s | status=success
- 2026-03-06 23:23:41 | run=20260306-222712-39971 | iter=4 | mode=build | story=US-002 | duration=546s | status=success
- 2026-03-06 23:14:33 | run=20260306-222712-39971 | iter=3 | mode=build | story=US-001 | duration=1031s | status=success
- 2026-03-06 22:57:20 | run=20260306-222712-39971 | iter=2 | mode=build | story=US-001 | duration=140s | status=success
- 2026-03-06 22:54:58 | run=20260306-222712-39971 | iter=1 | mode=build | story=US-001 | duration=1666s | status=success

## Events

[2026-03-06 22:27:12] ITERATION 1 start (mode=build story=US-001)
[2026-03-06 22:54:58] ITERATION 1 end (duration=1666s)
[2026-03-06 22:55:00] ITERATION 2 start (mode=build story=US-001)
[2026-03-06 22:57:20] ITERATION 2 end (duration=140s)
[2026-03-06 22:57:23] ITERATION 3 start (mode=build story=US-001)
[2026-03-06 23:14:33] ITERATION 3 end (duration=1031s)
[2026-03-06 23:14:35] ITERATION 4 start (mode=build story=US-002)
[2026-03-06 23:15:10] Started US-002 implementation audit for POST /api/links client alignment
[2026-03-06 23:18:40] Updated create-link request/response contract and save flow refresh behavior for US-002
[2026-03-06 23:21:45] Verified US-002 with ./gradlew test, ./gradlew lintDebug, and ./gradlew connectedDebugAndroidTest
[2026-03-06 23:22:40] Updated progress log for US-002 with verification and commit details
[2026-03-06 23:23:41] ITERATION 4 end (duration=546s)
[2026-03-06 23:23:43] ITERATION 5 start (mode=build story=US-003)
[2026-03-06 23:34:31] ITERATION 5 end (duration=648s)
[2026-03-06 23:34:33] ITERATION 6 start (mode=build story=US-004)
[2026-03-06 23:42:07] ITERATION 6 end (duration=454s)
