# Activity Log

## Run Summary
- 2026-03-06 17:21:23 | run=20260306-160314-32261 | iter=6 | mode=build | story=US-003 | duration=1384s | status=success
- 2026-03-06 16:58:17 | run=20260306-160314-32261 | iter=5 | mode=build | story=US-002 | duration=1210s | status=success
- 2026-03-06 16:38:05 | run=20260306-160314-32261 | iter=4 | mode=build | story=US-002 | duration=377s | status=success
- 2026-03-06 16:31:46 | run=20260306-160314-32261 | iter=3 | mode=build | story=US-002 | duration=221s | status=success
- 2026-03-06 16:28:03 | run=20260306-160314-32261 | iter=2 | mode=build | story=US-002 | duration=667s | status=success
- 2026-03-06 16:16:54 | run=20260306-160314-32261 | iter=1 | mode=build | story=US-001 | duration=820s | status=success

## Events

[2026-03-06 16:03:14] ITERATION 1 start (mode=build story=US-001)
2026-03-06 16:10:24 Implemented initial US-001 project and API client foundation
2026-03-06 16:12:47 Fixed Kotlin 1.8 compatibility issues after first test run
2026-03-06 16:14:19 Adjusted network dependency versions to remove lint metadata issues
2026-03-06 16:14:58 Completed verification for US-001 with test, lint, and build
2026-03-06 16:16:13 Updated progress log for US-001
[2026-03-06 16:16:54] ITERATION 1 end (duration=820s)
[2026-03-06 16:16:56] ITERATION 2 start (mode=build story=US-002)
2026-03-06 16:17:12 Start work on US-002 API key configuration story
2026-03-06 16:23:38 Implemented initial API access app module, secure storage, and validation flow for US-002
[2026-03-06 16:28:03] ITERATION 2 end (duration=667s)
[2026-03-06 16:28:06] ITERATION 3 start (mode=build story=US-002)
2026-03-06 16:28:17 Start work on US-002: API key configuration audit
2026-03-06 16:29:13 Audited existing US-002 implementation; proceeding to verification
2026-03-06 16:31:11 Re-running verification sequentially after parallel Gradle resource merge failure
[2026-03-06 16:31:46] ITERATION 3 end (duration=221s)
[2026-03-06 16:31:48] ITERATION 4 start (mode=build story=US-002)
2026-03-06 16:32:03 Start work on US-002 iteration 4
2026-03-06 16:32:57 Audited existing US-002 implementation in app and build files
2026-03-06 16:33:51 Initial parallel verification hit Gradle resource race and no-device failure; rerunning sequential checks
2026-03-06 16:34:48 Unit tests and lint passed; starting emulator for connectedDebugAndroidTest and API key flow verification
2026-03-06 16:37:00 Connected tests failed on emulator; investigating Espresso input failures
2026-03-06 16:37:30 Adjusted US-002 emulator tests to scroll before text entry and button taps on small wearable screens
[2026-03-06 16:38:05] ITERATION 4 end (duration=377s)
[2026-03-06 16:38:07] ITERATION 5 start (mode=build story=US-002)
2026-03-06 16:38:20 Start US-002 iteration 5: reviewing guardrails, logs, and current implementation
2026-03-06 16:41:37 Updated US-002 instrumentation test to wait for async validation status before asserting results
2026-03-06 16:43:44 Rerunning US-002 verification after stabilizing emulator validation assertions
2026-03-06 16:46:26 Adjusted US-002 onboarding layout padding to keep controls reachable on emulator form factors
2026-03-06 16:48:26 Disabled empty core-network connected Android test task so US-002 verification targets the app emulator flow reliably
2026-03-06 16:50:54 Swapped US-002 emulator tests to dependency-injected validation results for stable UI verification while unit tests cover network mapping
2026-03-06 16:56:03 US-002 verification passed: gradle test/lint/connected tests succeeded and app launched on Wear_OS_Large_Round_API_33
2026-03-06 16:57:57 Updated US-002 progress log with commit, verification, and review details
[2026-03-06 16:58:17] ITERATION 5 end (duration=1210s)
[2026-03-06 16:58:19] ITERATION 6 start (mode=build story=US-003)
2026-03-06 16:58:32 Start work on US-003 browse inbox/archive/trash links (run 20260306-160314-32261 iter 6)
2026-03-06 17:07:46 Implemented US-003 list browsing UI, repository wiring, pagination state, and tests
2026-03-06 17:19:37 Verification complete for US-003: ./gradlew test, lintDebug, and connectedDebugAndroidTest passed on emulator
2026-03-06 17:21:02 Updated US-003 progress log with commit, verification, and review details
[2026-03-06 17:21:23] ITERATION 6 end (duration=1384s)
[2026-03-06 17:21:26] ITERATION 7 start (mode=build story=US-004)
2026-03-06 17:21:39 Start work on US-004: audit guardrails, errors, and PRD context
2026-03-06 17:25:46 Implemented US-004 add-link form, save flow, repository support, and tests
2026-03-06 17:26:28 US-004 verification: ./gradlew test passed; re-running lintDebug sequentially after concurrent resource merge failure
2026-03-06 17:30:58 US-004 verification passed on unit, lint, emulator tests; progress log updated
